<?xml version="1.0" encoding="UTF-8"?>
<testng-results ignored="0" total="1" passed="1" failed="0" skipped="0">
  <reporter-output>
  </reporter-output>
  <suite started-at="2022-10-19T18:33:07 IST" name="Suite" finished-at="2022-10-19T18:33:27 IST" duration-ms="20015">
    <groups>
    </groups>
    <test started-at="2022-10-19T18:33:07 IST" name="Test" finished-at="2022-10-19T18:33:27 IST" duration-ms="20015">
      <class name="QAclick2.UTTest">
        <test-method signature="stratBrowser()[pri:0, instance:QAclick2.UTTest@413f69cc]" started-at="2022-10-19T18:33:07 IST" name="stratBrowser" finished-at="2022-10-19T18:33:27 IST" duration-ms="19980" status="PASS">
          <reporter-output>
          </reporter-output>
        </test-method> <!-- stratBrowser -->
      </class> <!-- QAclick2.UTTest -->
    </test> <!-- Test -->
  </suite> <!-- Suite -->
</testng-results>
